\BOOKMARK [1][-]{section.1}{\376\377\000M\000e\000t\000h\000o\000d\000o\000l\000o\000g\000y}{}% 1
\BOOKMARK [1][-]{section.2}{\376\377\000R\000e\000s\000e\000a\000r\000c\000h\000\040\000P\000a\000r\000a\000d\000i\000g\000m}{}% 2
\BOOKMARK [1][-]{section.3}{\376\377\000R\000e\000s\000e\000a\000r\000c\000h\000\040\000P\000r\000o\000c\000e\000s\000s\000\040\000M\000a\000n\000a\000g\000e\000m\000e\000n\000t}{}% 3
\BOOKMARK [2][-]{subsection.3.1}{\376\377\000C\000o\000n\000s\000t\000r\000u\000c\000t\000i\000o\000n\000\040\000a\000n\000d\000\040\000E\000x\000e\000c\000u\000t\000i\000o\000n\000\040\000o\000f\000\040\000t\000h\000e\000\040\000S\000u\000r\000v\000e\000y}{section.3}% 4
\BOOKMARK [2][-]{subsection.3.2}{\376\377\000S\000t\000r\000e\000n\000g\000t\000h\000s\000\040\000o\000f\000\040\000S\000u\000r\000v\000e\000y\000-\000B\000a\000s\000e\000d\000\040\000M\000e\000t\000h\000o\000d\000o\000l\000o\000g\000i\000e\000s}{section.3}% 5
\BOOKMARK [2][-]{subsection.3.3}{\376\377\000M\000i\000t\000i\000g\000a\000t\000i\000n\000g\000\040\000L\000i\000m\000i\000t\000a\000t\000i\000o\000n\000s}{section.3}% 6
\BOOKMARK [2][-]{subsection.3.4}{\376\377\000A\000d\000m\000i\000n\000i\000s\000t\000r\000a\000t\000i\000o\000n\000\040\000a\000n\000d\000\040\000C\000o\000d\000i\000n\000g}{section.3}% 7
\BOOKMARK [2][-]{subsection.3.5}{\376\377\000J\000u\000s\000t\000i\000f\000i\000c\000a\000t\000i\000o\000n\000\040\000o\000f\000\040\000N\000o\000n\000-\000P\000e\000r\000f\000o\000r\000m\000i\000n\000g\000\040\000L\000o\000a\000n\000s\000\040\000a\000s\000\040\000a\000\040\000M\000e\000a\000s\000u\000r\000e}{section.3}% 8
\BOOKMARK [1][-]{section.4}{\376\377\000D\000a\000t\000a\000\040\000C\000o\000l\000l\000e\000c\000t\000i\000o\000n\000\040\000M\000e\000t\000h\000o\000d\000s}{}% 9
\BOOKMARK [2][-]{subsection.4.1}{\376\377\000Q\000u\000a\000n\000t\000i\000t\000a\000t\000i\000v\000e\000\040\000C\000o\000m\000p\000o\000n\000e\000n\000t\000\040\000Q\000u\000e\000s\000t\000i\000o\000n\000n\000a\000i\000r\000e\000\040\000S\000u\000r\000v\000e\000y}{section.4}% 10
\BOOKMARK [2][-]{subsection.4.2}{\376\377\000Q\000u\000e\000s\000t\000i\000o\000n\000n\000a\000i\000r\000e\000\040\000D\000e\000s\000i\000g\000n\000\040\000J\000u\000s\000t\000i\000f\000i\000c\000a\000t\000i\000o\000n}{section.4}% 11
\BOOKMARK [2][-]{subsection.4.3}{\376\377\000T\000a\000r\000g\000e\000t\000\040\000P\000o\000p\000u\000l\000a\000t\000i\000o\000n\000\040\000S\000a\000m\000p\000l\000i\000n\000g}{section.4}% 12
\BOOKMARK [2][-]{subsection.4.4}{\376\377\000S\000a\000m\000p\000l\000e\000\040\000S\000i\000z\000e\000\040\000D\000e\000t\000e\000r\000m\000i\000n\000a\000t\000i\000o\000n}{section.4}% 13
\BOOKMARK [2][-]{subsection.4.5}{\376\377\000D\000a\000t\000a\000\040\000C\000o\000l\000l\000e\000c\000t\000i\000o\000n\000\040\000P\000r\000o\000c\000e\000s\000s}{section.4}% 14
\BOOKMARK [2][-]{subsection.4.6}{\376\377\000P\000i\000l\000o\000t\000\040\000T\000e\000s\000t\000i\000n\000g\000\040\000V\000a\000l\000i\000d\000a\000t\000i\000o\000n}{section.4}% 15
\BOOKMARK [2][-]{subsection.4.7}{\376\377\000Q\000u\000a\000l\000i\000t\000a\000t\000i\000v\000e\000\040\000C\000o\000m\000p\000o\000n\000e\000n\000t\000\040\000S\000e\000m\000i\000-\000S\000t\000r\000u\000c\000t\000u\000r\000e\000d\000\040\000I\000n\000t\000e\000r\000v\000i\000e\000w\000s}{section.4}% 16
\BOOKMARK [2][-]{subsection.4.8}{\376\377\000I\000n\000t\000e\000r\000v\000i\000e\000w\000\040\000D\000e\000s\000i\000g\000n\000\040\000P\000r\000o\000t\000o\000c\000o\000l}{section.4}% 17
\BOOKMARK [2][-]{subsection.4.9}{\376\377\000P\000a\000r\000t\000i\000c\000i\000p\000a\000n\000t\000\040\000S\000e\000l\000e\000c\000t\000i\000o\000n\000\040\000R\000e\000c\000r\000u\000i\000t\000m\000e\000n\000t}{section.4}% 18
\BOOKMARK [2][-]{subsection.4.10}{\376\377\000I\000n\000t\000e\000r\000v\000i\000e\000w\000\040\000P\000r\000o\000c\000e\000s\000s}{section.4}% 19
\BOOKMARK [2][-]{subsection.4.11}{\376\377\000D\000a\000t\000a\000\040\000S\000o\000u\000r\000c\000e\000s}{section.4}% 20
\BOOKMARK [3][-]{subsubsection.4.11.1}{\376\377\000P\000r\000i\000m\000a\000r\000y\000\040\000D\000a\000t\000a}{subsection.4.11}% 21
\BOOKMARK [3][-]{subsubsection.4.11.2}{\376\377\000S\000e\000c\000o\000n\000d\000a\000r\000y\000\040\000D\000a\000t\000a}{subsection.4.11}% 22
\BOOKMARK [2][-]{subsection.4.12}{\376\377\000V\000a\000r\000i\000a\000b\000l\000e\000\040\000D\000e\000f\000i\000n\000i\000t\000i\000o\000n\000\040\000M\000e\000a\000s\000u\000r\000e\000m\000e\000n\000t}{section.4}% 23
\BOOKMARK [1][-]{section.5}{\376\377\000D\000a\000t\000a\000\040\000A\000n\000a\000l\000y\000s\000i\000s\000\040\000P\000r\000o\000c\000e\000d\000u\000r\000e\000s}{}% 24
\BOOKMARK [2][-]{subsection.5.1}{\376\377\000E\000c\000o\000n\000o\000m\000e\000t\000r\000i\000c\000\040\000S\000p\000e\000c\000i\000f\000i\000c\000a\000t\000i\000o\000n}{section.5}% 25
\BOOKMARK [2][-]{subsection.5.2}{\376\377\000E\000s\000t\000i\000m\000a\000t\000o\000r\000\040\000S\000e\000l\000e\000c\000t\000i\000o\000n\000\040\000E\000n\000d\000o\000g\000e\000n\000e\000i\000t\000y\000\040\000M\000i\000t\000i\000g\000a\000t\000i\000o\000n}{section.5}% 26
\BOOKMARK [2][-]{subsection.5.3}{\376\377\000D\000y\000n\000a\000m\000i\000c\000\040\000S\000p\000e\000c\000i\000f\000i\000c\000a\000t\000i\000o\000n\000\040\000I\000n\000s\000t\000r\000u\000m\000e\000n\000t\000a\000t\000i\000o\000n}{section.5}% 27
\BOOKMARK [2][-]{subsection.5.4}{\376\377\000R\000e\000g\000i\000m\000e\000-\000S\000h\000i\000f\000t\000\040\000A\000n\000a\000l\000y\000s\000i\000s}{section.5}% 28
\BOOKMARK [2][-]{subsection.5.5}{\376\377\000P\000a\000r\000a\000l\000l\000e\000l\000\040\000T\000r\000e\000n\000d\000s\000\040\000A\000s\000s\000u\000m\000p\000t\000i\000o\000n\000\040\000T\000e\000s\000t\000i\000n\000g\000\040\000f\000o\000r\000\040\000D\000i\000f\000f\000e\000r\000e\000n\000c\000e\000-\000i\000n\000-\000D\000i\000f\000f\000e\000r\000e\000n\000c\000e\000s\000\040\000D\000e\000s\000i\000g\000n}{section.5}% 29
\BOOKMARK [2][-]{subsection.5.6}{\376\377\000R\000o\000b\000u\000s\000t\000n\000e\000s\000s\000\040\000D\000i\000a\000g\000n\000o\000s\000t\000i\000c\000s}{section.5}% 30
\BOOKMARK [2][-]{subsection.5.7}{\376\377\000Q\000u\000a\000n\000t\000i\000t\000a\000t\000i\000v\000e\000\040\000D\000a\000t\000a\000\040\000A\000n\000a\000l\000y\000s\000i\000s}{section.5}% 31
\BOOKMARK [2][-]{subsection.5.8}{\376\377\000D\000e\000s\000c\000r\000i\000p\000t\000i\000v\000e\000\040\000S\000t\000a\000t\000i\000s\000t\000i\000c\000s}{section.5}% 32
\BOOKMARK [2][-]{subsection.5.9}{\376\377\000C\000o\000r\000r\000e\000l\000a\000t\000i\000o\000n\000\040\000A\000n\000a\000l\000y\000s\000i\000s}{section.5}% 33
\BOOKMARK [2][-]{subsection.5.10}{\376\377\000Q\000u\000a\000l\000i\000t\000a\000t\000i\000v\000e\000\040\000D\000a\000t\000a\000\040\000A\000n\000a\000l\000y\000s\000i\000s}{section.5}% 34
\BOOKMARK [2][-]{subsection.5.11}{\376\377\000T\000h\000e\000m\000a\000t\000i\000c\000\040\000A\000n\000a\000l\000y\000s\000i\000s\000\040\000P\000r\000o\000c\000e\000s\000s}{section.5}% 35
\BOOKMARK [2][-]{subsection.5.12}{\376\377\000E\000n\000s\000u\000r\000i\000n\000g\000\040\000R\000i\000g\000o\000r}{section.5}% 36
\BOOKMARK [2][-]{subsection.5.13}{\376\377\000I\000n\000t\000e\000g\000r\000a\000t\000i\000o\000n\000\040\000F\000i\000n\000d\000i\000n\000g\000s}{section.5}% 37
\BOOKMARK [2][-]{subsection.5.14}{\376\377\000S\000t\000r\000u\000c\000t\000u\000r\000a\000l\000\040\000E\000q\000u\000a\000t\000i\000o\000n\000\040\000M\000o\000d\000e\000l\000i\000n\000g\000\040\000\050\000S\000E\000M\000\051}{section.5}% 38
\BOOKMARK [1][-]{section.6}{\376\377\000V\000a\000l\000i\000d\000i\000t\000y\000,\000\040\000R\000e\000l\000i\000a\000b\000i\000l\000i\000t\000y\000,\000\040\000a\000n\000d\000\040\000R\000e\000p\000r\000o\000d\000u\000c\000i\000b\000i\000l\000i\000t\000y}{}% 39
\BOOKMARK [2][-]{subsection.6.1}{\376\377\000Q\000u\000a\000n\000t\000i\000t\000a\000t\000i\000v\000e\000\040\000V\000a\000l\000i\000d\000i\000t\000y}{section.6}% 40
\BOOKMARK [3][-]{subsubsection.6.1.1}{\376\377\000C\000o\000n\000s\000t\000r\000u\000c\000t\000\040\000V\000a\000l\000i\000d00a\000t\000i\000v\000e\000\040\000V\000a\000l\000i\000d\000i\000t\000y}{section.0.6}% 40
\BOOKMARK [2][-]{subsection.0.6.4}{\376\377\000Q\000u\000a\000l\000i\000t\000a\000t\000i\000v\000e\000\040\000R\000e\000l\000i\000a\000b\000i\000l\000i\000t\000y}{section.0.6}% 41
\BOOKMARK [2][-]{subsection.0.6.5}{\376\377\000I\000n\000s\000t\000r\000u\000m\000e\000n\000t\000\040\000R\000e\000l\000i\000a\000b\000i\000l\000i\000t\000y\000\040\000P\000i\000l\000o\000t\000\040\000T\000e\000s\000t\000i\000n\000g}{section.0.6}% 42
\BOOKMARK [2][-]{subsection.0.6.6}{\376\377\000I\000n\000t\000e\000g\000r\000a\000t\000i\000o\000n\000\040\000M\000e\000t\000h\000o\000d\000s\000\040\000E\000n\000h\000a\000n\000c\000e\000d\000\040\000T\000r\000u\000s\000t\000w\000o\000r\000t\000h\000i\000n\000e\000s\000s}{section.0.6}% 43
\BOOKMARK [2][-]{subsection.0.6.7}{\376\377\000R\000e\000p\000r\000o\000d\000u\000c\000i\000b\000i\000l\000i\000t\000y}{section.0.6}% 44
\BOOKMARK [1][-]{section.0.7}{\376\377\000E\000t\000h\000i\000c\000a\000l\000\040\000C\000o\000n\000s\000i\000d\000e\000r\000a\000t\000i\000o\000n\000s}{}% 45
\BOOKMARK [2][-]{subsection.0.7.1}{\376\377\000I\000n\000f\000o\000r\000m\000e\000d\000\040\000C\000o\000n\000s\000e\000n\000t}{section.0.7}% 46
\BOOKMARK [2][-]{subsection.0.7.2}{\376\377\000C\000o\000n\000f\000i\000d\000e\000n\000t\000i\000a\000l\000i\000t\000y\000\040\000A\000n\000o\000n\000y\000m\000i\000z\000a\000t\000i\000o\000n}{section.0.7}% 47
\BOOKMARK [2][-]{subsection.0.7.3}{\376\377\000D\000a\000t\000a\000\040\000P\000r\000o\000t\000e\000c\000t\000i\000o\000n\000\040\000S\000t\000o\000r\000a\000g\000e}{section.0.7}% 48
\BOOKMARK [2][-]{subsection.0.7.4}{\376\377\000E\000t\000h\000i\000c\000a\000l\000\040\000A\000p\000p\000r\000o\000v\000a\000l\000\040\000O\000v\000e\000r\000s\000i\000g\000h\000t}{section.0.7}% 49
\BOOKMARK [2][-]{subsection.0.7.5}{\376\377\000P\000a\000r\000t\000i\000c\000i\000p\000a\000n\000t\000\040\000S\000e\000l\000e\000c\000t\000i\000o\000n\000\040\000F\000a\000i\000r\000n\000e\000s\000s}{section.0.7}% 50
\BOOKMARK [2][-]{subsection.0.7.6}{\376\377\000M\000i\000n\000i\000m\000i\000z\000i\000n\000g\000\040\000P\000o\000t\000e\000n\000t\000i\000a\000l\000\040\000H\000a\000r\000m\000s\000\040\000M\000a\000n\000a\000g\000i\000n\000g\000\040\000R\000i\000s\000k\000s}{section.0.7}% 51
\BOOKMARK [2][-]{subsection.0.7.7}{\376\377\000A\000d\000d\000r\000e\000s\000s\000i\000n\000g\000\040\000R\000e\000s\000e\000a\000r\000c\000h\000e\000r\000\040\000B\000i\000a\000s\000\040\000C\000o\000n\000f\000l\000i\000c\000t\000s\000\040\000I\000n\000t\000e\000r\000e\000s\000t}{section.0.7}% 52
\BOOKMARK [1][-]{section.0.8}{\376\377\000L\000i\000m\000i\000t\000a\000t\000i\000o\000n\000s}{}% 53
\BOOKMARK [2][-]{subsection.0.8.1}{\376\377\000R\000e\000s\000p\000o\000n\000s\000e\000\040\000B\000i\000a\000s\000\040\000Q\000u\000e\000s\000t\000i\000o\000n\000n\000a\000i\000r\000e}{section.0.8}% 54
\BOOKMARK [2][-]{subsection.0.8.2}{\376\377\000S\000u\000b\000j\000e\000c\000t\000i\000v\000i\000t\000y\000\040\000I\000n\000t\000e\000r\000v\000i\000e\000w\000s}{section.0.8}% 55
\BOOKMARK [2][-]{subsection.0.8.3}{\376\377\000S\000m\000a\000l\000l\000\040\000S\000a\000m\000p\000l\000e\000\040\000S\000i\000z\000e\000\040\000I\000n\000t\000e\000r\000v\000i\000e\000w\000s}{section.0.8}% 56
6\377\000A\000d\000d\000r\000e\000s\000s\000i\000n\000g\000\040\000R\000e\000s\000e\000a\000r\000c\000h\000e\000r\000\040\000B\000i\000a\000s\000\040\000C\000o\000n\000f\000l\000i\000c\000t\000s\000\040\000I\000n\000t\000e\000r\000e\000s\000t}{section.7}% 60
\BOOKMARK [1][-]{section.8}{\376\377\000L\000i\000m\000i\000t\000a\000t\000i\000o\000n\000s}{}% 61
\BOOKMARK [2][-]{subsection.8.1}{\376\377\000R\000e\000s\000p\000o\000n\000s\000e\000\040\000B\000i\000a\000s\000\040\000Q\000u\000e\000s\000t\000i\000o\000n\000n\000a\000i\000r\000e}{section.8}% 62
\BOOKMARK [2][-]{subsection.8.2}{\376\377\000S\000u\000b\000j\000e\000c\000t\000i\000v\000i\000t\000y\000\040\000I\000n\000t\000e\000r\000v\000i\000e\000w\000s}{section.8}% 63
\BOOKMARK [2][-]{subsection.8.3}{\376\377\000S\000m\000a\000l\000l\000\040\000S\000a\000m\000p\000l\000e\000\040\000S\000i\000z\000e\000\040\000I\000n\000t\000e\000r\000v\000i\000e\000w\000s}{section.8}% 64
\BOOKMARK [2][-]{subsection.8.4}{\376\377\000C\000r\000o\000s\000s\000-\000S\000e\000c\000t\000i\000o\000n\000a\000l\000\040\000D\000e\000s\000i\000g\000n}{section.8}% 65
\BOOKMARK [2][-]{subsection.8.5}{\376\377\000Q\000u\000e\000s\000t\000i\000o\000n\000n\000a\000i\000r\000e\000\040\000S\000a\000m\000p\000l\000e\000\040\000S\000i\000z\000e}{section.8}% 66
\BOOKMARK [2][-]{subsection.8.6}{\376\377\000D\000a\000t\000a\000\040\000A\000v\000a\000i\000l\000a\000b\000i\000l\000i\000t\000y\000\040\000C\000o\000n\000s\000t\000r\000a\000i\000n\000t\000s}{section.8}% 67
\BOOKMARK [2][-]{subsection.8.7}{\376\377\000O\000p\000a\000q\000u\000e\000\040\000N\000P\000L\000\040\000R\000e\000p\000o\000r\000t\000i\000n\000g}{section.8}% 68
\BOOKMARK [2][-]{subsection.8.8}{\376\377\000F\000o\000c\000u\000s\000\040\000P\000o\000s\000t\000-\0002\0000\0000\0004\000\040\000C\000o\000n\000s\000o\000l\000i\000d\000a\000t\000i\000o\000n\000\040\000D\000M\000B\000s}{section.8}% 69
\BOOKMARK [2][-]{subsection.8.9}{\376\377\000L\000o\000g\000i\000s\000t\000i\000c\000a\000l\000\040\000C\000o\000n\000s\000t\000r\000a\000i\000n\000t\000s}{section.8}% 70
\BOOKMARK [2][-]{subsection.8.10}{\376\377\000R\000e\000s\000e\000a\000r\000c\000h\000e\000r\000\040\000R\000e\000f\000l\000e\000x\000i\000v\000i\000t\000y\000\040\000P\000o\000s\000i\000t\000i\000o\000n\000a\000l\000i\000t\000y}{section.8}% 71
\BOOKMARK [1][-]{section.9}{\376\377\000C\000o\000n\000c\000l\000u\000s\000i\000o\000n}{}% 72
